/usr/lib/ruby/vendor_ruby/rubygems/defaults/operating_system.rb:10: warning: constant Gem::ConfigMap is deprecated
/usr/lib/ruby/vendor_ruby/rubygems/defaults/operating_system.rb:10: warning: constant Gem::ConfigMap is deprecated
/usr/lib/ruby/vendor_ruby/rubygems/defaults/operating_system.rb:29: warning: constant Gem::ConfigMap is deprecated
/usr/lib/ruby/vendor_ruby/rubygems/defaults/operating_system.rb:30: warning: constant Gem::ConfigMap is deprecated
/usr/lib/ruby/vendor_ruby/rubygems/defaults/operating_system.rb:10: warning: constant Gem::ConfigMap is deprecated
/usr/lib/ruby/vendor_ruby/rubygems/defaults/operating_system.rb:10: warning: constant Gem::ConfigMap is deprecated
/usr/lib/ruby/vendor_ruby/rubygems/defaults/operating_system.rb:10: warning: constant Gem::ConfigMap is deprecated
/usr/lib/ruby/vendor_ruby/rubygems/defaults/operating_system.rb:10: warning: constant Gem::ConfigMap is deprecated
NOTE: Gem::Specification#rubyforge_project= is deprecated with no replacement. It will be removed on or after 2019-12-01.
Gem::Specification#rubyforge_project= called from /usr/share/rubygems-integration/2.3.0/specifications/rdiscount-2.1.8.gemspec:21.
NOTE: Gem::Specification#rubyforge_project= is deprecated with no replacement. It will be removed on or after 2019-12-01.
Gem::Specification#rubyforge_project= called from /usr/share/rubygems-integration/2.3.0/specifications/oj-2.12.10.gemspec:21.
NOTE: Gem::Specification#rubyforge_project= is deprecated with no replacement. It will be removed on or after 2019-12-01.
Gem::Specification#rubyforge_project= called from /usr/share/rubygems-integration/2.3.0/specifications/mysql-2.9.1.gemspec:21.
/usr/lib/ruby/vendor_ruby/rubygems/defaults/operating_system.rb:10: warning: constant Gem::ConfigMap is deprecated
NOTE: Gem::Specification#rubyforge_project= is deprecated with no replacement. It will be removed on or after 2019-12-01.
Gem::Specification#rubyforge_project= called from /var/lib/gems/2.3.0/specifications/i18n-0.9.5.gemspec:17.
NOTE: Gem::Specification#rubyforge_project= is deprecated with no replacement. It will be removed on or after 2019-12-01.
Gem::Specification#rubyforge_project= called from /var/lib/gems/2.3.0/specifications/coffee-script-source-1.11.1.gemspec:16.
NOTE: Inheriting Faraday::Error::ClientError is deprecated; use Faraday::ClientError instead. It will be removed in or after version 1.0
Faraday::Error::ClientError.inherited called from /var/lib/gems/2.3.0/gems/octokit-4.14.0/lib/octokit/middleware/follow_redirects.rb:14.
Configuration file: /home/labroot/myBlog/etcomblog/_config.yml
/usr/lib/ruby/vendor_ruby/rubygems/defaults/operating_system.rb:10: warning: constant Gem::ConfigMap is deprecated
            Source: /home/labroot/myBlog/etcomblog
       Destination: /home/labroot/myBlog/etcomblog/_site
 Incremental build: disabled. Enable with --incremental
      Generating... 
[33mInvalid theme folder: _sass[0m
      Remote Theme: Using theme mmistakes/minimal-mistakes
       Jekyll Feed: Generating feed for posts
[33m   GitHub Metadata: No GitHub API authentication could be found. Some fields may be missing or have incorrect data.[0m
                    done in 7.231 seconds.
 Auto-regeneration: enabled for '/home/labroot/myBlog/etcomblog'
    Server address: http://0.0.0.0:4000
  Server running... press ctrl-c to stop.
[2019-12-16 09:19:25] ERROR `/favicon.ico' not found.
[2019-12-16 09:21:54] ERROR `/favicon.ico' not found.
      Regenerating: 1 file(s) changed at 2019-12-16 12:36:08
                    assets/images/snow.jpg
[33mInvalid theme folder: _sass[0m
      Remote Theme: Using theme mmistakes/minimal-mistakes
       Jekyll Feed: Generating feed for posts
                    ...done in 3.616783972 seconds.
                    
      Regenerating: 1 file(s) changed at 2019-12-16 12:36:56
                    _posts/2019-12-16-snow.markdown
[33mInvalid theme folder: _sass[0m
      Remote Theme: Using theme mmistakes/minimal-mistakes
       Jekyll Feed: Generating feed for posts
                    ...done in 3.5634106 seconds.
                    
      Regenerating: 1 file(s) changed at 2019-12-16 12:38:42
                    _posts/2019-12-16-snow.markdown
[33mInvalid theme folder: _sass[0m
      Remote Theme: Using theme mmistakes/minimal-mistakes
       Jekyll Feed: Generating feed for posts
                    ...done in 3.275667526 seconds.
                    
      Regenerating: 1 file(s) changed at 2019-12-16 12:40:25
                    _posts/2019-12-16-snow.markdown
[33mInvalid theme folder: _sass[0m
      Remote Theme: Using theme mmistakes/minimal-mistakes
       Jekyll Feed: Generating feed for posts
                    ...done in 4.222727722 seconds.
                    
[2019-12-16 12:42:12] ERROR `/favicon.ico' not found.
/usr/lib/ruby/vendor_ruby/rubygems/defaults/operating_system.rb:10: warning: constant Gem::ConfigMap is deprecated
/usr/lib/ruby/vendor_ruby/rubygems/defaults/operating_system.rb:10: warning: constant Gem::ConfigMap is deprecated
/usr/lib/ruby/vendor_ruby/rubygems/defaults/operating_system.rb:29: warning: constant Gem::ConfigMap is deprecated
/usr/lib/ruby/vendor_ruby/rubygems/defaults/operating_system.rb:30: warning: constant Gem::ConfigMap is deprecated
/usr/lib/ruby/vendor_ruby/rubygems/defaults/operating_system.rb:10: warning: constant Gem::ConfigMap is deprecated
/usr/lib/ruby/vendor_ruby/rubygems/defaults/operating_system.rb:10: warning: constant Gem::ConfigMap is deprecated
/usr/lib/ruby/vendor_ruby/rubygems/defaults/operating_system.rb:10: warning: constant Gem::ConfigMap is deprecated
/usr/lib/ruby/vendor_ruby/rubygems/defaults/operating_system.rb:10: warning: constant Gem::ConfigMap is deprecated
NOTE: Gem::Specification#rubyforge_project= is deprecated with no replacement. It will be removed on or after 2019-12-01.
Gem::Specification#rubyforge_project= called from /usr/share/rubygems-integration/2.3.0/specifications/rdiscount-2.1.8.gemspec:21.
NOTE: Gem::Specification#rubyforge_project= is deprecated with no replacement. It will be removed on or after 2019-12-01.
Gem::Specification#rubyforge_project= called from /usr/share/rubygems-integration/2.3.0/specifications/oj-2.12.10.gemspec:21.
NOTE: Gem::Specification#rubyforge_project= is deprecated with no replacement. It will be removed on or after 2019-12-01.
Gem::Specification#rubyforge_project= called from /usr/share/rubygems-integration/2.3.0/specifications/mysql-2.9.1.gemspec:21.
/usr/lib/ruby/vendor_ruby/rubygems/defaults/operating_system.rb:10: warning: constant Gem::ConfigMap is deprecated
NOTE: Gem::Specification#rubyforge_project= is deprecated with no replacement. It will be removed on or after 2019-12-01.
Gem::Specification#rubyforge_project= called from /var/lib/gems/2.3.0/specifications/i18n-0.9.5.gemspec:17.
NOTE: Gem::Specification#rubyforge_project= is deprecated with no replacement. It will be removed on or after 2019-12-01.
Gem::Specification#rubyforge_project= called from /var/lib/gems/2.3.0/specifications/coffee-script-source-1.11.1.gemspec:16.
NOTE: Inheriting Faraday::Error::ClientError is deprecated; use Faraday::ClientError instead. It will be removed in or after version 1.0
Faraday::Error::ClientError.inherited called from /var/lib/gems/2.3.0/gems/octokit-4.14.0/lib/octokit/middleware/follow_redirects.rb:14.
Configuration file: /home/labroot/myBlog/etcomblog/_config.yml
/usr/lib/ruby/vendor_ruby/rubygems/defaults/operating_system.rb:10: warning: constant Gem::ConfigMap is deprecated
            Source: /home/labroot/myBlog/etcomblog
       Destination: /home/labroot/myBlog/etcomblog/_site
 Incremental build: disabled. Enable with --incremental
      Generating... 
[33mInvalid theme folder: _sass[0m
      Remote Theme: Using theme mmistakes/minimal-mistakes
       Jekyll Feed: Generating feed for posts
[33m   GitHub Metadata: No GitHub API authentication could be found. Some fields may be missing or have incorrect data.[0m
                    done in 75.526 seconds.
 Auto-regeneration: enabled for '/home/labroot/myBlog/etcomblog'
    Server address: http://0.0.0.0:4000
  Server running... press ctrl-c to stop.
[2019-12-16 12:46:04] ERROR `/favicon.ico' not found.
[2019-12-16 13:51:29] ERROR `/favicon.ico' not found.
[2019-12-16 13:52:30] ERROR `/favicon.ico' not found.
[2019-12-16 14:18:29] ERROR `/favicon.ico' not found.
      Regenerating: 4 file(s) changed at 2019-12-16 14:47:42
                    assets/images/snow.jpg
                    assets/images/bio-photo.jpg
                    nohup.out
                    README.md
[33mInvalid theme folder: _sass[0m
      Remote Theme: Using theme mmistakes/minimal-mistakes
       Jekyll Feed: Generating feed for posts
                    ...done in 3.703404911 seconds.
                    
      Regenerating: 16 file(s) changed at 2019-12-16 14:47:46
                    index.html
                    _pages/about.md
                    _pages/404.md
                    _pages/year-archive.md
                    _pages/category-archive.md
                    _pages/tag-archive.md
                    _posts/2010-01-08-post-chat.md
                    _posts/2010-02-05-post-quote.md
                    _posts/2010-01-07-post-standard.md
                    _posts/2010-02-05-post-notice.md
                    _posts/2010-01-07-post-modified.md
                    _posts/2010-03-07-post-link.md
                    _posts/2019-12-16-snow.markdown
                    _posts/2019-04-18-welcome-to-jekyll.md
                    _posts/2019-12-13-dns-name.markdown
                    _data/navigation.yml
[33mInvalid theme folder: _sass[0m
      Remote Theme: Using theme mmistakes/minimal-mistakes
       Jekyll Feed: Generating feed for posts
                    ...done in 3.267979594 seconds.
                    
      Regenerating: 1 file(s) changed at 2019-12-16 14:47:50
                    _posts/2019-12-13-scale-config.md
[33mInvalid theme folder: _sass[0m
      Remote Theme: Using theme mmistakes/minimal-mistakes
       Jekyll Feed: Generating feed for posts
                    ...done in 2.98108741 seconds.
                    
[2019-12-16 14:47:54] ERROR `/favicon.ico' not found.
      Regenerating: 1 file(s) changed at 2019-12-16 14:51:35
                    _posts/2019-12-13-scale-config.md
[33mInvalid theme folder: _sass[0m
      Remote Theme: Using theme mmistakes/minimal-mistakes
       Jekyll Feed: Generating feed for posts
                    ...done in 3.847797721 seconds.
                    
[2019-12-16 14:51:41] ERROR `/favicon.ico' not found.
      Regenerating: 1 file(s) changed at 2019-12-16 14:52:08
                    _posts/2019-12-13-scale-config.md
[33mInvalid theme folder: _sass[0m
      Remote Theme: Using theme mmistakes/minimal-mistakes
       Jekyll Feed: Generating feed for posts
                    ...done in 2.999589446 seconds.
                    
      Regenerating: 1 file(s) changed at 2019-12-16 14:57:11
                    _posts/2019-12-13-scale-config.md
[33mInvalid theme folder: _sass[0m
      Remote Theme: Using theme mmistakes/minimal-mistakes
       Jekyll Feed: Generating feed for posts
                    ...done in 3.211208603 seconds.
                    
[2019-12-16 14:57:16] ERROR `/favicon.ico' not found.
      Regenerating: 1 file(s) changed at 2019-12-16 14:57:51
                    _posts/2019-12-13-scale-config.md
[33mInvalid theme folder: _sass[0m
      Remote Theme: Using theme mmistakes/minimal-mistakes
       Jekyll Feed: Generating feed for posts
                    ...done in 3.022491503 seconds.
                    
      Regenerating: 1 file(s) changed at 2019-12-16 14:59:22
                    _posts/2019-12-13-scale-config.md
[33mInvalid theme folder: _sass[0m
      Remote Theme: Using theme mmistakes/minimal-mistakes
       Jekyll Feed: Generating feed for posts
                    ...done in 3.683181939 seconds.
                    
/usr/lib/ruby/vendor_ruby/rubygems/defaults/operating_system.rb:10: warning: constant Gem::ConfigMap is deprecated
/usr/lib/ruby/vendor_ruby/rubygems/defaults/operating_system.rb:10: warning: constant Gem::ConfigMap is deprecated
/usr/lib/ruby/vendor_ruby/rubygems/defaults/operating_system.rb:29: warning: constant Gem::ConfigMap is deprecated
/usr/lib/ruby/vendor_ruby/rubygems/defaults/operating_system.rb:30: warning: constant Gem::ConfigMap is deprecated
/usr/lib/ruby/vendor_ruby/rubygems/defaults/operating_system.rb:10: warning: constant Gem::ConfigMap is deprecated
/usr/lib/ruby/vendor_ruby/rubygems/defaults/operating_system.rb:10: warning: constant Gem::ConfigMap is deprecated
/usr/lib/ruby/vendor_ruby/rubygems/defaults/operating_system.rb:10: warning: constant Gem::ConfigMap is deprecated
/usr/lib/ruby/vendor_ruby/rubygems/defaults/operating_system.rb:10: warning: constant Gem::ConfigMap is deprecated
/usr/lib/ruby/vendor_ruby/rubygems/defaults/operating_system.rb:29: warning: constant Gem::ConfigMap is deprecated
/usr/lib/ruby/vendor_ruby/rubygems/defaults/operating_system.rb:30: warning: constant Gem::ConfigMap is deprecated
/usr/lib/ruby/vendor_ruby/rubygems/defaults/operating_system.rb:10: warning: constant Gem::ConfigMap is deprecated
/usr/lib/ruby/vendor_ruby/rubygems/defaults/operating_system.rb:10: warning: constant Gem::ConfigMap is deprecated
NOTE: Gem::Specification#rubyforge_project= is deprecated with no replacement. It will be removed on or after 2019-12-01.
Gem::Specification#rubyforge_project= called from /usr/share/rubygems-integration/2.3.0/specifications/rdiscount-2.1.8.gemspec:21.
NOTE: Gem::Specification#rubyforge_project= is deprecated with no replacement. It will be removed on or after 2019-12-01.
Gem::Specification#rubyforge_project= called from /usr/share/rubygems-integration/2.3.0/specifications/oj-2.12.10.gemspec:21.
NOTE: Gem::Specification#rubyforge_project= is deprecated with no replacement. It will be removed on or after 2019-12-01.
Gem::Specification#rubyforge_project= called from /usr/share/rubygems-integration/2.3.0/specifications/mysql-2.9.1.gemspec:21.
/usr/lib/ruby/vendor_ruby/rubygems/defaults/operating_system.rb:10: warning: constant Gem::ConfigMap is deprecated
NOTE: Gem::Specification#rubyforge_project= is deprecated with no replacement. It will be removed on or after 2019-12-01.
Gem::Specification#rubyforge_project= called from /var/lib/gems/2.3.0/specifications/i18n-0.9.5.gemspec:17.
NOTE: Gem::Specification#rubyforge_project= is deprecated with no replacement. It will be removed on or after 2019-12-01.
Gem::Specification#rubyforge_project= called from /var/lib/gems/2.3.0/specifications/coffee-script-source-1.11.1.gemspec:16.
NOTE: Inheriting Faraday::Error::ClientError is deprecated; use Faraday::ClientError instead. It will be removed in or after version 1.0
Faraday::Error::ClientError.inherited called from /var/lib/gems/2.3.0/gems/octokit-4.14.0/lib/octokit/middleware/follow_redirects.rb:14.
Configuration file: /home/labroot/myBlog/devangnp.github.io/_config.yml
/usr/lib/ruby/vendor_ruby/rubygems/defaults/operating_system.rb:10: warning: constant Gem::ConfigMap is deprecated
            Source: /home/labroot/myBlog/devangnp.github.io
       Destination: /home/labroot/myBlog/devangnp.github.io/_site
 Incremental build: disabled. Enable with --incremental
      Generating... 
[33mInvalid theme folder: _sass[0m
      Remote Theme: Using theme mmistakes/minimal-mistakes
       Jekyll Feed: Generating feed for posts
[33m   GitHub Metadata: No GitHub API authentication could be found. Some fields may be missing or have incorrect data.[0m
                    done in 73.198 seconds.
 Auto-regeneration: enabled for '/home/labroot/myBlog/devangnp.github.io'
    Server address: http://0.0.0.0:4000
  Server running... press ctrl-c to stop.
      Regenerating: 1 file(s) changed at 2020-01-01 19:47:19
                    _posts/2019-12-31-csv-stats.md
[33mInvalid theme folder: _sass[0m
      Remote Theme: Using theme mmistakes/minimal-mistakes
       Jekyll Feed: Generating feed for posts
                    ...done in 3.618736177 seconds.
                    
[2020-01-01 20:23:41] ERROR `/favicon.ico' not found.
      Regenerating: 1 file(s) changed at 2020-01-01 20:26:58
                    _posts/2020-01-01-nornir-textfsm.md
[33mInvalid theme folder: _sass[0m
      Remote Theme: Using theme mmistakes/minimal-mistakes
       Jekyll Feed: Generating feed for posts
                    ...done in 3.508667982 seconds.
                    
[2020-01-01 20:27:05] ERROR `/favicon.ico' not found.
      Regenerating: 1 file(s) changed at 2020-01-01 20:29:21
                    _posts/2020-01-01-nornir-textfsm.md
[33mInvalid theme folder: _sass[0m
      Remote Theme: Using theme mmistakes/minimal-mistakes
       Jekyll Feed: Generating feed for posts
                    ...done in 3.531067358 seconds.
                    
      Regenerating: 1 file(s) changed at 2020-01-03 12:11:31
                    _posts/2020-01-03-ansible-learning.md
[33mInvalid theme folder: _sass[0m
      Remote Theme: Using theme mmistakes/minimal-mistakes
       Jekyll Feed: Generating feed for posts
                    ...done in 3.291717036 seconds.
                    
      Regenerating: 1 file(s) changed at 2020-01-03 12:11:36
                    _posts/.ipynb_checkpoints/2020-01-03-ansible-learning-checkpoint.md
[33mInvalid theme folder: _sass[0m
      Remote Theme: Using theme mmistakes/minimal-mistakes
       Jekyll Feed: Generating feed for posts
                    ...done in 3.085418316 seconds.
                    
      Regenerating: 1 file(s) changed at 2020-01-03 12:13:35
                    _posts/2020-01-03-ansible-learning.md
[33mInvalid theme folder: _sass[0m
      Remote Theme: Using theme mmistakes/minimal-mistakes
       Jekyll Feed: Generating feed for posts
                    ...done in 3.56716639 seconds.
                    
      Regenerating: 1 file(s) changed at 2020-01-03 12:15:36
                    _posts/2020-01-03-ansible-learning.md
[33mInvalid theme folder: _sass[0m
      Remote Theme: Using theme mmistakes/minimal-mistakes
       Jekyll Feed: Generating feed for posts
                    ...done in 3.588157199 seconds.
                    
      Regenerating: 1 file(s) changed at 2020-01-03 12:17:37
                    _posts/2020-01-03-ansible-learning.md
[33mInvalid theme folder: _sass[0m
      Remote Theme: Using theme mmistakes/minimal-mistakes
       Jekyll Feed: Generating feed for posts
                    ...done in 3.196749247 seconds.
                    
      Regenerating: 2 file(s) changed at 2020-01-03 12:17:40
                    _posts/2020-01-03-ansible-learning.md
                    _posts/.ipynb_checkpoints/2020-01-03-ansible-learning-checkpoint.md
[33mInvalid theme folder: _sass[0m
      Remote Theme: Using theme mmistakes/minimal-mistakes
       Jekyll Feed: Generating feed for posts
                    ...done in 2.955726833 seconds.
                    
      Regenerating: 1 file(s) changed at 2020-01-03 12:18:26
                    _posts/2020-01-03-ansible-learning.md
[33mInvalid theme folder: _sass[0m
      Remote Theme: Using theme mmistakes/minimal-mistakes
       Jekyll Feed: Generating feed for posts
                    ...done in 3.517026618 seconds.
                    
      Regenerating: 1 file(s) changed at 2020-01-03 12:18:30
                    _posts/.ipynb_checkpoints/2020-01-03-ansible-learning-checkpoint.md
[33mInvalid theme folder: _sass[0m
      Remote Theme: Using theme mmistakes/minimal-mistakes
       Jekyll Feed: Generating feed for posts
                    ...done in 3.083634036 seconds.
                    
      Regenerating: 1 file(s) changed at 2020-01-03 12:18:34
                    _posts/2020-01-03-ansible-learning.md
[33mInvalid theme folder: _sass[0m
      Remote Theme: Using theme mmistakes/minimal-mistakes
       Jekyll Feed: Generating feed for posts
                    ...done in 3.106801402 seconds.
                    
      Regenerating: 2 file(s) changed at 2020-01-03 12:18:38
                    _posts/.ipynb_checkpoints/2020-01-03-ansible-learning-checkpoint.md
                    _posts/2020-01-03-ansible-learning.md
[33mInvalid theme folder: _sass[0m
      Remote Theme: Using theme mmistakes/minimal-mistakes
       Jekyll Feed: Generating feed for posts
                    ...done in 3.198543348 seconds.
                    
      Regenerating: 1 file(s) changed at 2020-01-03 12:19:39
                    _posts/2020-01-03-ansible-learning.md
[33mInvalid theme folder: _sass[0m
      Remote Theme: Using theme mmistakes/minimal-mistakes
       Jekyll Feed: Generating feed for posts
                    ...done in 3.245924847 seconds.
                    
      Regenerating: 1 file(s) changed at 2020-01-03 12:19:42
                    _posts/.ipynb_checkpoints/2020-01-03-ansible-learning-checkpoint.md
[33mInvalid theme folder: _sass[0m
      Remote Theme: Using theme mmistakes/minimal-mistakes
       Jekyll Feed: Generating feed for posts
                    ...done in 3.303323212 seconds.
                    
      Regenerating: 1 file(s) changed at 2020-01-03 12:20:15
                    _posts/2020-01-03-ansible-learning.md
[33mInvalid theme folder: _sass[0m
      Remote Theme: Using theme mmistakes/minimal-mistakes
       Jekyll Feed: Generating feed for posts
                    ...done in 3.17230244 seconds.
                    
      Regenerating: 2 file(s) changed at 2020-01-03 12:20:19
                    _posts/.ipynb_checkpoints/2020-01-03-ansible-learning-checkpoint.md
                    _posts/2020-01-03-ansible-learning.md
[33mInvalid theme folder: _sass[0m
      Remote Theme: Using theme mmistakes/minimal-mistakes
       Jekyll Feed: Generating feed for posts
                    ...done in 3.434284641 seconds.
                    
      Regenerating: 1 file(s) changed at 2020-01-03 12:22:16
                    _posts/2020-01-03-ansible-learning.md
[33mInvalid theme folder: _sass[0m
      Remote Theme: Using theme mmistakes/minimal-mistakes
       Jekyll Feed: Generating feed for posts
                    ...done in 3.121469492 seconds.
                    
      Regenerating: 1 file(s) changed at 2020-01-03 12:22:59
                    _posts/2020-01-03-ansible-learning.md
[33mInvalid theme folder: _sass[0m
      Remote Theme: Using theme mmistakes/minimal-mistakes
       Jekyll Feed: Generating feed for posts
                    ...done in 3.319138978 seconds.
                    
      Regenerating: 2 file(s) changed at 2020-01-03 12:23:02
                    _posts/.ipynb_checkpoints/2020-01-03-ansible-learning-checkpoint.md
                    _posts/2020-01-03-ansible-learning.md
[33mInvalid theme folder: _sass[0m
      Remote Theme: Using theme mmistakes/minimal-mistakes
       Jekyll Feed: Generating feed for posts
                    ...done in 3.595685371 seconds.
                    
      Regenerating: 1 file(s) changed at 2020-01-03 12:23:19
                    _posts/2020-01-03-ansible-learning.md
[33mInvalid theme folder: _sass[0m
      Remote Theme: Using theme mmistakes/minimal-mistakes
       Jekyll Feed: Generating feed for posts
                    ...done in 3.230265878 seconds.
                    
      Regenerating: 1 file(s) changed at 2020-01-03 12:23:22
                    _posts/.ipynb_checkpoints/2020-01-03-ansible-learning-checkpoint.md
[33mInvalid theme folder: _sass[0m
      Remote Theme: Using theme mmistakes/minimal-mistakes
       Jekyll Feed: Generating feed for posts
                    ...done in 3.14591739 seconds.
                    
      Regenerating: 1 file(s) changed at 2020-01-03 12:24:55
                    _posts/2020-01-03-ansible-learning.md
[33mInvalid theme folder: _sass[0m
      Remote Theme: Using theme mmistakes/minimal-mistakes
       Jekyll Feed: Generating feed for posts
                    ...done in 3.666095164 seconds.
                    
      Regenerating: 1 file(s) changed at 2020-01-03 12:24:59
                    _posts/.ipynb_checkpoints/2020-01-03-ansible-learning-checkpoint.md
[33mInvalid theme folder: _sass[0m
      Remote Theme: Using theme mmistakes/minimal-mistakes
       Jekyll Feed: Generating feed for posts
[2020-01-03 12:24:59] ERROR `/favicon.ico' not found.
                    ...done in 3.849176941 seconds.
                    
      Regenerating: 1 file(s) changed at 2020-01-03 12:26:10
                    _posts/2020-01-03-ansible-learning.md
[33mInvalid theme folder: _sass[0m
      Remote Theme: Using theme mmistakes/minimal-mistakes
       Jekyll Feed: Generating feed for posts
                    ...done in 3.026755538 seconds.
                    
      Regenerating: 1 file(s) changed at 2020-01-03 12:26:14
                    _posts/.ipynb_checkpoints/2020-01-03-ansible-learning-checkpoint.md
[33mInvalid theme folder: _sass[0m
      Remote Theme: Using theme mmistakes/minimal-mistakes
       Jekyll Feed: Generating feed for posts
                    ...done in 2.96643275 seconds.
                    
      Regenerating: 1 file(s) changed at 2020-01-03 12:28:10
                    _posts/2020-01-03-ansible-learning.md
[33mInvalid theme folder: _sass[0m
      Remote Theme: Using theme mmistakes/minimal-mistakes
       Jekyll Feed: Generating feed for posts
                    ...done in 3.617387894 seconds.
                    
      Regenerating: 2 file(s) changed at 2020-01-03 12:28:14
                    _posts/.ipynb_checkpoints/2020-01-03-ansible-learning-checkpoint.md
                    _posts/2020-01-03-ansible-learning.md
[33mInvalid theme folder: _sass[0m
      Remote Theme: Using theme mmistakes/minimal-mistakes
       Jekyll Feed: Generating feed for posts
                    ...done in 3.192228168 seconds.
                    
      Regenerating: 1 file(s) changed at 2020-01-03 12:28:49
                    _posts/2020-01-03-ansible-learning.md
[33mInvalid theme folder: _sass[0m
      Remote Theme: Using theme mmistakes/minimal-mistakes
       Jekyll Feed: Generating feed for posts
                    ...done in 3.075908445 seconds.
                    
      Regenerating: 2 file(s) changed at 2020-01-03 12:28:52
                    _posts/.ipynb_checkpoints/2020-01-03-ansible-learning-checkpoint.md
                    _posts/2020-01-03-ansible-learning.md
[33mInvalid theme folder: _sass[0m
      Remote Theme: Using theme mmistakes/minimal-mistakes
       Jekyll Feed: Generating feed for posts
                    ...done in 3.413543249 seconds.
                    
      Regenerating: 1 file(s) changed at 2020-01-03 12:28:58
                    _posts/2020-01-03-ansible-learning.md
[33mInvalid theme folder: _sass[0m
      Remote Theme: Using theme mmistakes/minimal-mistakes
       Jekyll Feed: Generating feed for posts
                    ...done in 3.397499191 seconds.
                    
      Regenerating: 2 file(s) changed at 2020-01-03 12:29:02
                    _posts/.ipynb_checkpoints/2020-01-03-ansible-learning-checkpoint.md
                    _posts/2020-01-03-ansible-learning.md
[33mInvalid theme folder: _sass[0m
      Remote Theme: Using theme mmistakes/minimal-mistakes
       Jekyll Feed: Generating feed for posts
                    ...done in 3.349785076 seconds.
                    
      Regenerating: 2 file(s) changed at 2020-01-03 12:29:05
                    _posts/2020-01-03-ansible-learning.md
                    _posts/.ipynb_checkpoints/2020-01-03-ansible-learning-checkpoint.md
[33mInvalid theme folder: _sass[0m
      Remote Theme: Using theme mmistakes/minimal-mistakes
       Jekyll Feed: Generating feed for posts
                    ...done in 3.214898736 seconds.
                    
      Regenerating: 1 file(s) changed at 2020-01-04 18:52:39
                    _posts/2019-12-16-snow.markdown
[33mInvalid theme folder: _sass[0m
      Remote Theme: Using theme mmistakes/minimal-mistakes
       Jekyll Feed: Generating feed for posts
                    ...done in 3.687277672 seconds.
                    
      Regenerating: 1 file(s) changed at 2020-01-04 19:46:03
                    assets/images/2020-01-04-listcopy.jpg
[33mInvalid theme folder: _sass[0m
      Remote Theme: Using theme mmistakes/minimal-mistakes
       Jekyll Feed: Generating feed for posts
                    ...done in 3.084329027 seconds.
                    
      Regenerating: 1 file(s) changed at 2020-01-04 19:46:06
                    assets/images/2020-01-04-listcopy.jpg
[33mInvalid theme folder: _sass[0m
      Remote Theme: Using theme mmistakes/minimal-mistakes
       Jekyll Feed: Generating feed for posts
                    ...done in 3.047905336 seconds.
                    
      Regenerating: 1 file(s) changed at 2020-01-05 17:09:04
                    _posts/2019-12-31-csv-stats.md
[33mInvalid theme folder: _sass[0m
      Remote Theme: Using theme mmistakes/minimal-mistakes
       Jekyll Feed: Generating feed for posts
                    ...done in 2.949394751 seconds.
                    
      Regenerating: 1 file(s) changed at 2020-01-05 17:09:38
                    _posts/2019-12-31-csv-stats.md
[33mInvalid theme folder: _sass[0m
      Remote Theme: Using theme mmistakes/minimal-mistakes
       Jekyll Feed: Generating feed for posts
                    ...done in 3.224143823 seconds.
                    
      Regenerating: 1 file(s) changed at 2020-01-05 17:10:00
                    _posts/2019-12-31-csv-stats.md
[33mInvalid theme folder: _sass[0m
      Remote Theme: Using theme mmistakes/minimal-mistakes
       Jekyll Feed: Generating feed for posts
                    ...done in 3.072753769 seconds.
                    
      Regenerating: 1 file(s) changed at 2020-01-05 17:11:01
                    _posts/2019-12-31-csv-stats.md
[33mInvalid theme folder: _sass[0m
      Remote Theme: Using theme mmistakes/minimal-mistakes
       Jekyll Feed: Generating feed for posts
                    ...done in 3.196730507 seconds.
                    
      Regenerating: 1 file(s) changed at 2020-01-05 18:21:55
                    _pages/about.md
[33mInvalid theme folder: _sass[0m
      Remote Theme: Using theme mmistakes/minimal-mistakes
       Jekyll Feed: Generating feed for posts
                    ...done in 3.70988273 seconds.
                    
      Regenerating: 1 file(s) changed at 2020-01-05 18:36:53
                    _posts/2020-01-03-ansible-learning.md
[33mInvalid theme folder: _sass[0m
      Remote Theme: Using theme mmistakes/minimal-mistakes
       Jekyll Feed: Generating feed for posts
                    ...done in 3.217351828 seconds.
                    
      Regenerating: 1 file(s) changed at 2020-01-05 18:39:09
                    _posts/2020-01-03-ansible-learning.md
[33mInvalid theme folder: _sass[0m
      Remote Theme: Using theme mmistakes/minimal-mistakes
       Jekyll Feed: Generating feed for posts
                    ...done in 3.118810999 seconds.
                    
[2020-01-13 12:21:51] ERROR `/favicon.ico' not found.
      Regenerating: 5 file(s) changed at 2020-01-19 16:38:47
                    assets/images/2020-01-04-args.jpg
                    assets/images/2020-01-04-args1.jpg
                    assets/images/2020-01-04-args2.jpg
                    assets/images/lst_copy.JPG
                    assets/images/lst_copy_mutable.JPG
[33mInvalid theme folder: _sass[0m
      Remote Theme: Using theme mmistakes/minimal-mistakes
       Jekyll Feed: Generating feed for posts
                    ...done in 3.330062184 seconds.
                    
      Regenerating: 2 file(s) changed at 2020-01-19 17:03:39
                    assets/images/lst_copy.JPG
                    assets/images/lst_copy_mutable.JPG
[33mInvalid theme folder: _sass[0m
      Remote Theme: Using theme mmistakes/minimal-mistakes
       Jekyll Feed: Generating feed for posts
                    ...done in 3.550797661 seconds.
                    
      Regenerating: 1 file(s) changed at 2020-01-19 17:24:14
                    _posts/2020-01-19-ssh-netmiko-cntxmngr.md
[33mInvalid theme folder: _sass[0m
      Remote Theme: Using theme mmistakes/minimal-mistakes
       Jekyll Feed: Generating feed for posts
                    ...done in 4.021795399 seconds.
                    
      Regenerating: 1 file(s) changed at 2020-01-19 17:24:18
                    _posts/2020-01-19-ssh-netmiko-cntxmngr.md
[33mInvalid theme folder: _sass[0m
      Remote Theme: Using theme mmistakes/minimal-mistakes
       Jekyll Feed: Generating feed for posts
                    ...done in 3.367655216 seconds.
                    
[2020-01-19 17:24:27] ERROR `/favicon.ico' not found.
      Regenerating: 1 file(s) changed at 2020-01-19 17:25:42
                    _posts/2020-01-19-ssh-netmiko-cntxmngr.md
[33mInvalid theme folder: _sass[0m
      Remote Theme: Using theme mmistakes/minimal-mistakes
       Jekyll Feed: Generating feed for posts
                    ...done in 3.411934517 seconds.
                    
      Regenerating: 1 file(s) changed at 2020-01-19 17:26:27
                    _posts/2020-01-19-ssh-netmiko-cntxmngr.md
[33mInvalid theme folder: _sass[0m
      Remote Theme: Using theme mmistakes/minimal-mistakes
       Jekyll Feed: Generating feed for posts
                    ...done in 3.432440923 seconds.
                    
      Regenerating: 1 file(s) changed at 2020-01-19 17:27:48
                    _posts/2020-01-19-ssh-netmiko-cntxmngr.md
[33mInvalid theme folder: _sass[0m
      Remote Theme: Using theme mmistakes/minimal-mistakes
       Jekyll Feed: Generating feed for posts
                    ...done in 3.574613866 seconds.
                    
      Regenerating: 1 file(s) changed at 2020-01-19 19:19:46
                    _posts/2020-01-19-ssh-netmiko-cntxmngr.md
[33mInvalid theme folder: _sass[0m
      Remote Theme: Using theme mmistakes/minimal-mistakes
       Jekyll Feed: Generating feed for posts
                    ...done in 3.528935784 seconds.
                    
      Regenerating: 1 file(s) changed at 2020-01-19 19:19:49
                    _posts/2020-01-19-ssh-netmiko-cntxmngr.md
[33mInvalid theme folder: _sass[0m
      Remote Theme: Using theme mmistakes/minimal-mistakes
       Jekyll Feed: Generating feed for posts
                    ...done in 3.638884754 seconds.
                    
      Regenerating: 1 file(s) changed at 2020-01-19 19:20:54
                    _posts/2020-01-19-itertool-itemgetter.md
[33mInvalid theme folder: _sass[0m
      Remote Theme: Using theme mmistakes/minimal-mistakes
       Jekyll Feed: Generating feed for posts
                    ...done in 3.70903082 seconds.
                    
      Regenerating: 1 file(s) changed at 2020-01-19 19:24:20
                    _posts/2020-01-19-itertool-itemgetter.md
[33mInvalid theme folder: _sass[0m
      Remote Theme: Using theme mmistakes/minimal-mistakes
       Jekyll Feed: Generating feed for posts
                    ...done in 3.940414776 seconds.
                    
[2020-01-19 19:24:36] ERROR `/favicon.ico' not found.
      Regenerating: 1 file(s) changed at 2020-01-19 19:25:29
                    _posts/2020-01-19-itertool-itemgetter.md
[33mInvalid theme folder: _sass[0m
      Remote Theme: Using theme mmistakes/minimal-mistakes
       Jekyll Feed: Generating feed for posts
                    ...done in 3.520541158 seconds.
                    
[2020-01-19 19:26:06] ERROR `/favicon.ico' not found.
      Regenerating: 1 file(s) changed at 2020-01-19 19:27:13
                    _posts/.ipynb_checkpoints/2020-01-19-itertool-itemgetter-checkpoint.md
[33mInvalid theme folder: _sass[0m
      Remote Theme: Using theme mmistakes/minimal-mistakes
       Jekyll Feed: Generating feed for posts
                    ...done in 3.427124404 seconds.
                    
      Regenerating: 1 file(s) changed at 2020-01-19 19:29:13
                    _posts/2020-01-19-itertool-itemgetter.md
[33mInvalid theme folder: _sass[0m
      Remote Theme: Using theme mmistakes/minimal-mistakes
       Jekyll Feed: Generating feed for posts
                    ...done in 4.297259375 seconds.
                    
      Regenerating: 1 file(s) changed at 2020-01-19 19:31:14
                    _posts/2020-01-19-itertool-itemgetter.md
[33mInvalid theme folder: _sass[0m
      Remote Theme: Using theme mmistakes/minimal-mistakes
       Jekyll Feed: Generating feed for posts
                    ...done in 3.438099452 seconds.
                    
      Regenerating: 1 file(s) changed at 2020-01-19 19:33:14
                    _posts/2020-01-19-itertool-itemgetter.md
[33mInvalid theme folder: _sass[0m
      Remote Theme: Using theme mmistakes/minimal-mistakes
       Jekyll Feed: Generating feed for posts
                    ...done in 3.813155678 seconds.
                    
      Regenerating: 1 file(s) changed at 2020-01-19 19:34:24
                    _posts/2020-01-19-itertool-itemgetter.md
[33mInvalid theme folder: _sass[0m
      Remote Theme: Using theme mmistakes/minimal-mistakes
       Jekyll Feed: Generating feed for posts
                    ...done in 3.70953121 seconds.
                    
      Regenerating: 1 file(s) changed at 2020-01-19 19:34:28
                    _posts/.ipynb_checkpoints/2020-01-19-itertool-itemgetter-checkpoint.md
[33mInvalid theme folder: _sass[0m
      Remote Theme: Using theme mmistakes/minimal-mistakes
       Jekyll Feed: Generating feed for posts
                    ...done in 3.748380821 seconds.
                    
      Regenerating: 1 file(s) changed at 2020-01-19 19:36:25
                    _posts/2020-01-19-itertool-itemgetter.md
[33mInvalid theme folder: _sass[0m
      Remote Theme: Using theme mmistakes/minimal-mistakes
       Jekyll Feed: Generating feed for posts
                    ...done in 4.230018761 seconds.
                    
      Regenerating: 1 file(s) changed at 2020-01-19 19:37:31
                    _posts/2020-01-19-itertool-itemgetter.md
[33mInvalid theme folder: _sass[0m
      Remote Theme: Using theme mmistakes/minimal-mistakes
       Jekyll Feed: Generating feed for posts
                    ...done in 3.65349095 seconds.
                    
      Regenerating: 1 file(s) changed at 2020-01-19 19:37:35
                    _posts/.ipynb_checkpoints/2020-01-19-itertool-itemgetter-checkpoint.md
[33mInvalid theme folder: _sass[0m
      Remote Theme: Using theme mmistakes/minimal-mistakes
       Jekyll Feed: Generating feed for posts
[2020-01-19 19:37:36] ERROR `/favicon.ico' not found.
                    ...done in 3.462032303 seconds.
                    
[2020-01-19 19:37:43] ERROR `/favicon.ico' not found.
      Regenerating: 1 file(s) changed at 2020-01-19 19:39:08
                    _posts/2020-01-19-itertool-itemgetter.md
[33mInvalid theme folder: _sass[0m
      Remote Theme: Using theme mmistakes/minimal-mistakes
       Jekyll Feed: Generating feed for posts
                    ...done in 3.387274283 seconds.
                    
      Regenerating: 2 file(s) changed at 2020-01-19 19:39:11
                    _posts/.ipynb_checkpoints/2020-01-19-itertool-itemgetter-checkpoint.md
                    _posts/2020-01-19-itertool-itemgetter.md
[33mInvalid theme folder: _sass[0m
      Remote Theme: Using theme mmistakes/minimal-mistakes
       Jekyll Feed: Generating feed for posts
[2020-01-19 19:39:13] ERROR `/favicon.ico' not found.
                    ...done in 3.909460197 seconds.
                    
      Regenerating: 1 file(s) changed at 2020-01-19 19:39:20
                    _posts/2020-01-19-itertool-itemgetter.md
[33mInvalid theme folder: _sass[0m
      Remote Theme: Using theme mmistakes/minimal-mistakes
       Jekyll Feed: Generating feed for posts
                    ...done in 3.888417005 seconds.
                    
      Regenerating: 1 file(s) changed at 2020-01-19 19:39:24
                    _posts/.ipynb_checkpoints/2020-01-19-itertool-itemgetter-checkpoint.md
[33mInvalid theme folder: _sass[0m
      Remote Theme: Using theme mmistakes/minimal-mistakes
       Jekyll Feed: Generating feed for posts
                    ...done in 4.123042646 seconds.
                    
      Regenerating: 1 file(s) changed at 2020-01-19 19:55:26
                    _posts/2020-01-19-itertool-itemgetter.md
[33mInvalid theme folder: _sass[0m
      Remote Theme: Using theme mmistakes/minimal-mistakes
       Jekyll Feed: Generating feed for posts
                    ...done in 3.898480031 seconds.
                    
      Regenerating: 1 file(s) changed at 2020-01-19 19:56:32
                    _posts/2020-01-19-itertool-itemgetter.md
[33mInvalid theme folder: _sass[0m
      Remote Theme: Using theme mmistakes/minimal-mistakes
       Jekyll Feed: Generating feed for posts
                    ...done in 4.086580194 seconds.
                    
      Regenerating: 1 file(s) changed at 2020-01-19 19:56:36
                    _posts/.ipynb_checkpoints/2020-01-19-itertool-itemgetter-checkpoint.md
[33mInvalid theme folder: _sass[0m
      Remote Theme: Using theme mmistakes/minimal-mistakes
       Jekyll Feed: Generating feed for posts
                    ...done in 4.291040213 seconds.
                    
      Regenerating: 1 file(s) changed at 2020-01-19 19:56:46
                    _posts/2020-01-19-itertool-itemgetter.md
[33mInvalid theme folder: _sass[0m
      Remote Theme: Using theme mmistakes/minimal-mistakes
       Jekyll Feed: Generating feed for posts
                    ...done in 3.493407929 seconds.
                    
      Regenerating: 2 file(s) changed at 2020-01-19 19:56:49
                    _posts/.ipynb_checkpoints/2020-01-19-itertool-itemgetter-checkpoint.md
                    _posts/2020-01-19-itertool-itemgetter.md
[33mInvalid theme folder: _sass[0m
      Remote Theme: Using theme mmistakes/minimal-mistakes
       Jekyll Feed: Generating feed for posts
                    ...done in 3.565677982 seconds.
                    
      Regenerating: 1 file(s) changed at 2020-01-19 20:00:47
                    _posts/2020-01-19-itertool-itemgetter.md
[33mInvalid theme folder: _sass[0m
      Remote Theme: Using theme mmistakes/minimal-mistakes
       Jekyll Feed: Generating feed for posts
                    ...done in 3.933818831 seconds.
                    
      Regenerating: 1 file(s) changed at 2020-01-19 20:01:08
                    _posts/2020-01-19-itertool-itemgetter.md
[33mInvalid theme folder: _sass[0m
      Remote Theme: Using theme mmistakes/minimal-mistakes
       Jekyll Feed: Generating feed for posts
                    ...done in 4.055784285 seconds.
                    
      Regenerating: 1 file(s) changed at 2020-01-19 20:01:12
                    _posts/.ipynb_checkpoints/2020-01-19-itertool-itemgetter-checkpoint.md
[33mInvalid theme folder: _sass[0m
      Remote Theme: Using theme mmistakes/minimal-mistakes
       Jekyll Feed: Generating feed for posts
                    ...done in 3.618512646 seconds.
                    
      Regenerating: 1 file(s) changed at 2020-01-19 20:01:31
                    _posts/2020-01-19-itertool-itemgetter.md
[33mInvalid theme folder: _sass[0m
      Remote Theme: Using theme mmistakes/minimal-mistakes
       Jekyll Feed: Generating feed for posts
                    ...done in 3.859924857 seconds.
                    
      Regenerating: 1 file(s) changed at 2020-01-19 20:01:34
                    _posts/.ipynb_checkpoints/2020-01-19-itertool-itemgetter-checkpoint.md
[33mInvalid theme folder: _sass[0m
      Remote Theme: Using theme mmistakes/minimal-mistakes
       Jekyll Feed: Generating feed for posts
                    ...done in 3.682828845 seconds.
                    
      Regenerating: 1 file(s) changed at 2020-01-19 20:02:57
                    _posts/2020-01-19-itertool-itemgetter.md
[33mInvalid theme folder: _sass[0m
      Remote Theme: Using theme mmistakes/minimal-mistakes
       Jekyll Feed: Generating feed for posts
                    ...done in 3.58985622 seconds.
                    
      Regenerating: 2 file(s) changed at 2020-01-19 20:03:01
                    _posts/.ipynb_checkpoints/2020-01-19-itertool-itemgetter-checkpoint.md
                    _posts/2020-01-19-itertool-itemgetter.md
[33mInvalid theme folder: _sass[0m
      Remote Theme: Using theme mmistakes/minimal-mistakes
       Jekyll Feed: Generating feed for posts
                    ...done in 3.310597267 seconds.
                    
[2020-01-20 13:11:30] ERROR `/favicon.ico' not found.
      Regenerating: 1 file(s) changed at 2020-01-20 13:12:13
                    _posts/2020-01-19-itertool-itemgetter.md
[33mInvalid theme folder: _sass[0m
      Remote Theme: Using theme mmistakes/minimal-mistakes
       Jekyll Feed: Generating feed for posts
                    ...done in 3.824928402 seconds.
                    
      Regenerating: 1 file(s) changed at 2020-01-20 13:14:25
                    _posts/2020-01-19-itertool-itemgetter.md
[33mInvalid theme folder: _sass[0m
      Remote Theme: Using theme mmistakes/minimal-mistakes
       Jekyll Feed: Generating feed for posts
                    ...done in 3.755681727 seconds.
                    
      Regenerating: 1 file(s) changed at 2020-01-20 13:16:25
                    _posts/2020-01-19-itertool-itemgetter.md
[33mInvalid theme folder: _sass[0m
      Remote Theme: Using theme mmistakes/minimal-mistakes
       Jekyll Feed: Generating feed for posts
